0 info it worked if it ends with ok
1 verbose cli [ 'C:\\Program Files\\nodejs\\node.exe',
1 verbose cli   'C:\\Program Files\\nodejs\\node_modules\\npm\\bin\\npm-cli.js',
1 verbose cli   'run-script',
1 verbose cli   'do' ]
2 info using npm@3.10.10
3 info using node@v6.11.1
4 verbose run-script [ 'predo', 'do', 'postdo' ]
5 info lifecycle sphplayground-framework@1.0.0~predo: sphplayground-framework@1.0.0
6 silly lifecycle sphplayground-framework@1.0.0~predo: no script for predo, continuing
7 info lifecycle sphplayground-framework@1.0.0~do: sphplayground-framework@1.0.0
8 verbose lifecycle sphplayground-framework@1.0.0~do: unsafe-perm in lifecycle true
9 verbose lifecycle sphplayground-framework@1.0.0~do: PATH: C:\Program Files\nodejs\node_modules\npm\bin\node-gyp-bin;C:\xampp\htdocs\samiholck.com\node_modules\.bin;C:\ProgramData\Oracle\Java\javapath;C:\WINDOWS\system32;C:\WINDOWS;C:\WINDOWS\System32\Wbem;C:\WINDOWS\System32\WindowsPowerShell\v1.0\;C:\Program Files\nodejs\;C:\xampp\php;C:\ProgramData\ComposerSetup\bin;C:\Program Files\Git\cmd;C:\Ruby22-x64\bin;C:\Users\samih\AppData\Local\Microsoft\WindowsApps;C:\Users\samih\AppData\Roaming\npm;C:\Users\samih\AppData\Roaming\Composer\vendor\bin;C:\Users\samih\AppData\Local\atom\bin;C:\Users\samih\AppData\Local\GitHubDesktop\bin;%USERPROFILE%\AppData\Local\Microsoft\WindowsApps;
10 verbose lifecycle sphplayground-framework@1.0.0~do: CWD: C:\xampp\htdocs\samiholck.com
11 silly lifecycle sphplayground-framework@1.0.0~do: Args: [ '/d /s /c', 'gulp build' ]
12 silly lifecycle sphplayground-framework@1.0.0~do: Returned: code: 1  signal: null
13 info lifecycle sphplayground-framework@1.0.0~do: Failed to exec do script
14 verbose stack Error: sphplayground-framework@1.0.0 do: `gulp build`
14 verbose stack Exit status 1
14 verbose stack     at EventEmitter.<anonymous> (C:\Program Files\nodejs\node_modules\npm\lib\utils\lifecycle.js:255:16)
14 verbose stack     at emitTwo (events.js:106:13)
14 verbose stack     at EventEmitter.emit (events.js:191:7)
14 verbose stack     at ChildProcess.<anonymous> (C:\Program Files\nodejs\node_modules\npm\lib\utils\spawn.js:40:14)
14 verbose stack     at emitTwo (events.js:106:13)
14 verbose stack     at ChildProcess.emit (events.js:191:7)
14 verbose stack     at maybeClose (internal/child_process.js:891:16)
14 verbose stack     at Process.ChildProcess._handle.onexit (internal/child_process.js:226:5)
15 verbose pkgid sphplayground-framework@1.0.0
16 verbose cwd C:\xampp\htdocs\samiholck.com
17 error Windows_NT 10.0.16299
18 error argv "C:\\Program Files\\nodejs\\node.exe" "C:\\Program Files\\nodejs\\node_modules\\npm\\bin\\npm-cli.js" "run-script" "do"
19 error node v6.11.1
20 error npm  v3.10.10
21 error code ELIFECYCLE
22 error sphplayground-framework@1.0.0 do: `gulp build`
22 error Exit status 1
23 error Failed at the sphplayground-framework@1.0.0 do script 'gulp build'.
23 error Make sure you have the latest version of node.js and npm installed.
23 error If you do, this is most likely a problem with the sphplayground-framework package,
23 error not with npm itself.
23 error Tell the author that this fails on your system:
23 error     gulp build
23 error You can get information on how to open an issue for this project with:
23 error     npm bugs sphplayground-framework
23 error Or if that isn't available, you can get their info via:
23 error     npm owner ls sphplayground-framework
23 error There is likely additional logging output above.
24 verbose exit [ 1, true ]
